2024-05-12 04:32:10.014 [info] Getting Manifest... ms-vscode.cpptools-extension-pack
2024-05-12 04:32:10.017 [info] Installing extension: ms-vscode.cpptools-extension-pack
2024-05-12 04:32:10.174 [info] Getting Manifest... ms-vscode.cpptools
2024-05-12 04:32:10.201 [info] Getting Manifest... ms-vscode.cmake-tools
2024-05-12 04:32:10.257 [info] Getting Manifest... twxs.cmake
2024-05-12 04:32:10.297 [info] Getting Manifest... ms-vscode.cpptools-themes
2024-05-12 04:32:10.353 [info] Installing extension: ms-vscode.cpptools
2024-05-12 04:32:10.353 [info] Installing extension: ms-vscode.cmake-tools
2024-05-12 04:32:10.353 [info] Installing extension: twxs.cmake
2024-05-12 04:32:10.353 [info] Installing extension: ms-vscode.cpptools-themes
2024-05-12 04:32:11.260 [info] Extension signature verification result for ms-vscode.cpptools-extension-pack: Success. Duration: 424ms.
2024-05-12 04:32:11.271 [info] Extracted extension to file:///root/.vscode/extensions/ms-vscode.cpptools-extension-pack-1.3.0: ms-vscode.cpptools-extension-pack
2024-05-12 04:32:11.276 [info] Renamed to /root/.vscode/extensions/ms-vscode.cpptools-extension-pack-1.3.0
2024-05-12 04:32:11.277 [info] Extracting extension completed. ms-vscode.cpptools-extension-pack
2024-05-12 04:32:11.357 [info] Extension signature verification result for ms-vscode.cpptools-themes: Success. Duration: 381ms.
2024-05-12 04:32:11.360 [error] [uncaught exception in sharedProcess]: Error: ENOENT: no such file or directory, stat '/root/.vscode/extensions/extensions.json.vsctmp': EntryNotFound (FileSystemError): Error: ENOENT: no such file or directory, stat '/root/.vscode/extensions/extensions.json.vsctmp'
    at a.create (/snap/code/159/usr/share/code/resources/app/out/vs/code/node/sharedProcess/sharedProcessMain.js:53:30019)
    at b (/snap/code/159/usr/share/code/resources/app/out/vs/code/node/sharedProcess/sharedProcessMain.js:53:30130)
    at t.hb (/snap/code/159/usr/share/code/resources/app/out/vs/code/node/sharedProcess/sharedProcessMain.js:58:36600)
    at t.stat (/snap/code/159/usr/share/code/resources/app/out/vs/code/node/sharedProcess/sharedProcessMain.js:58:29040)
    at async $.stat (/snap/code/159/usr/share/code/resources/app/out/vs/code/node/sharedProcess/sharedProcessMain.js:58:16186)
    at async J.sb (/snap/code/159/usr/share/code/resources/app/out/vs/code/node/sharedProcess/sharedProcessMain.js:104:109501)
2024-05-12 04:32:11.368 [info] Extracted extension to file:///root/.vscode/extensions/ms-vscode.cpptools-themes-2.0.0: ms-vscode.cpptools-themes
2024-05-12 04:32:11.372 [info] Renamed to /root/.vscode/extensions/ms-vscode.cpptools-themes-2.0.0
2024-05-12 04:32:11.373 [info] Extracting extension completed. ms-vscode.cpptools-themes
2024-05-12 04:32:11.425 [info] Extension signature verification result for ms-vscode.cmake-tools: Success. Duration: 374ms.
2024-05-12 04:32:11.482 [info] Extension signature verification result for twxs.cmake: Success. Duration: 391ms.
2024-05-12 04:32:11.511 [info] Extracted extension to file:///root/.vscode/extensions/ms-vscode.cmake-tools-1.17.17: ms-vscode.cmake-tools
2024-05-12 04:32:11.519 [info] Renamed to /root/.vscode/extensions/ms-vscode.cmake-tools-1.17.17
2024-05-12 04:32:11.522 [warning] [cmake-tools]: Couldn't find message for key cmake-tools.configuration.cmake.options.advanced.statusBarLength.description.
2024-05-12 04:32:11.522 [warning] [cmake-tools]: Couldn't find message for key cmake-tools.configuration.cmake.options.advanced.statusBarLength.description.
2024-05-12 04:32:11.522 [warning] [cmake-tools]: Couldn't find message for key cmake-tools.configuration.cmake.options.advanced.statusBarLength.description.
2024-05-12 04:32:11.522 [warning] [cmake-tools]: Couldn't find message for key cmake-tools.configuration.cmake.options.advanced.statusBarLength.description.
2024-05-12 04:32:11.522 [warning] [cmake-tools]: Couldn't find message for key cmake-tools.configuration.cmake.options.advanced.statusBarLength.description.
2024-05-12 04:32:11.522 [warning] [cmake-tools]: Couldn't find message for key cmake-tools.configuration.cmake.options.advanced.statusBarLength.description.
2024-05-12 04:32:11.522 [warning] [cmake-tools]: Couldn't find message for key cmake-tools.configuration.cmake.options.advanced.statusBarLength.description.
2024-05-12 04:32:11.522 [warning] [cmake-tools]: Couldn't find message for key cmake-tools.configuration.cmake.options.advanced.statusBarLength.description.
2024-05-12 04:32:11.522 [warning] [cmake-tools]: Couldn't find message for key cmake-tools.configuration.cmake.options.advanced.statusBarLength.description.
2024-05-12 04:32:11.522 [warning] [cmake-tools]: Couldn't find message for key cmake-tools.configuration.cmake.options.advanced.statusBarLength.description.
2024-05-12 04:32:11.522 [warning] [cmake-tools]: Couldn't find message for key cmake-tools.configuration.cmake.options.advanced.statusBarLength.description.
2024-05-12 04:32:11.522 [warning] [cmake-tools]: Couldn't find message for key cmake-tools.configuration.cmake.options.advanced.statusBarLength.description.
2024-05-12 04:32:11.523 [info] Extracting extension completed. ms-vscode.cmake-tools
2024-05-12 04:32:11.548 [info] Extracted extension to file:///root/.vscode/extensions/twxs.cmake-0.0.17: twxs.cmake
2024-05-12 04:32:11.554 [info] Renamed to /root/.vscode/extensions/twxs.cmake-0.0.17
2024-05-12 04:32:11.554 [info] Extracting extension completed. twxs.cmake
2024-05-12 04:32:13.335 [info] Extension signature verification result for ms-vscode.cpptools: Success. Duration: 438ms.
2024-05-12 04:32:14.523 [info] Extracted extension to file:///root/.vscode/extensions/ms-vscode.cpptools-1.20.5-linux-x64: ms-vscode.cpptools
2024-05-12 04:32:14.536 [info] Renamed to /root/.vscode/extensions/ms-vscode.cpptools-1.20.5-linux-x64
2024-05-12 04:32:14.540 [info] Extracting extension completed. ms-vscode.cpptools
2024-05-12 04:32:14.550 [info] Extension installed successfully: ms-vscode.cpptools-extension-pack
2024-05-12 04:32:14.550 [info] Extension installed successfully: ms-vscode.cpptools-themes
2024-05-12 04:32:14.550 [info] Extension installed successfully: ms-vscode.cmake-tools
2024-05-12 04:32:14.550 [info] Extension installed successfully: twxs.cmake
2024-05-12 04:32:14.551 [info] Extension installed successfully: ms-vscode.cpptools
2024-05-12 04:32:14.620 [error] [uncaught exception in sharedProcess]: Error: ENOENT: no such file or directory, stat '/root/.vscode/extensions/extensions.json.vsctmp': EntryNotFound (FileSystemError): Error: ENOENT: no such file or directory, stat '/root/.vscode/extensions/extensions.json.vsctmp'
    at a.create (/snap/code/159/usr/share/code/resources/app/out/vs/code/node/sharedProcess/sharedProcessMain.js:53:30019)
    at b (/snap/code/159/usr/share/code/resources/app/out/vs/code/node/sharedProcess/sharedProcessMain.js:53:30130)
    at t.hb (/snap/code/159/usr/share/code/resources/app/out/vs/code/node/sharedProcess/sharedProcessMain.js:58:36600)
    at t.stat (/snap/code/159/usr/share/code/resources/app/out/vs/code/node/sharedProcess/sharedProcessMain.js:58:29040)
    at async $.stat (/snap/code/159/usr/share/code/resources/app/out/vs/code/node/sharedProcess/sharedProcessMain.js:58:16186)
    at async J.sb (/snap/code/159/usr/share/code/resources/app/out/vs/code/node/sharedProcess/sharedProcessMain.js:104:109501)
