[proc] 执行命令: cmake --version
[proc] 执行命令: cmake -E capabilities
[variant] 已加载一组新变量
[kit] 检测到工具包定义版本已从 undefined 更改为 2。扫描工具包但不显示提示。
[proc] 执行命令: /usr/bin/c89-gcc -v
[proc] 执行命令: /usr/bin/c99-gcc -v
[proc] 执行命令: /usr/bin/clang -v
[proc] 执行命令: /usr/bin/clang-14 -v
[proc] 执行命令: /usr/bin/gcc -v
[proc] 执行命令: /usr/bin/gcc-11 -v
[proc] 执行命令: /usr/bin/gcc-12 -v
[proc] 执行命令: /usr/bin/x86_64-linux-gnu-gcc -v
[proc] 执行命令: /usr/bin/x86_64-linux-gnu-gcc-11 -v
[proc] 执行命令: /usr/bin/x86_64-linux-gnu-gcc-12 -v
[proc] 执行命令: /bin/c89-gcc -v
[proc] 执行命令: /bin/c99-gcc -v
[proc] 执行命令: /bin/clang -v
[proc] 执行命令: /bin/clang-14 -v
[proc] 执行命令: /bin/gcc -v
[proc] 执行命令: /bin/gcc-11 -v
[proc] 执行命令: /bin/gcc-12 -v
[proc] 执行命令: /bin/x86_64-linux-gnu-gcc -v
[proc] 执行命令: /bin/x86_64-linux-gnu-gcc-11 -v
[proc] 执行命令: /bin/x86_64-linux-gnu-gcc-12 -v
[proc] 执行命令: /bin/x86_64-linux-gnu-gcc -v
[proc] 执行命令: /bin/gcc -v
[proc] 执行命令: /bin/c99-gcc -v
[proc] 执行命令: /bin/c89-gcc -v
[proc] 执行命令: /usr/bin/x86_64-linux-gnu-gcc -v
[proc] 执行命令: /usr/bin/gcc -v
[proc] 执行命令: /usr/bin/c99-gcc -v
[proc] 执行命令: /usr/bin/c89-gcc -v
[kit] 已找到工具包(受信任): GCC 11.4.0 x86_64-linux-gnu
[kit] 已找到工具包(受信任): GCC 11.4.0 x86_64-linux-gnu
[kit] 已找到工具包(受信任): Clang 14.0.0 x86_64-pc-linux-gnu
[kit] 已找到工具包(受信任): Clang 14.0.0 x86_64-pc-linux-gnu
[kit] 已找到工具包(受信任): GCC 11.4.0 x86_64-linux-gnu
[kit] 已找到工具包(受信任): GCC 11.4.0 x86_64-linux-gnu
[kit] 已找到工具包(受信任): GCC 12.3.0 x86_64-linux-gnu
[kit] 已找到工具包(受信任): GCC 11.4.0 x86_64-linux-gnu
[kit] 已找到工具包(受信任): GCC 11.4.0 x86_64-linux-gnu
[kit] 已找到工具包(受信任): GCC 12.3.0 x86_64-linux-gnu
[kit] 已找到工具包(受信任): GCC 11.4.0 x86_64-linux-gnu
[kit] 已找到工具包(受信任): GCC 11.4.0 x86_64-linux-gnu
[kit] 已找到工具包(受信任): Clang 14.0.0 x86_64-pc-linux-gnu
[kit] 已找到工具包(受信任): Clang 14.0.0 x86_64-pc-linux-gnu
[kit] 已找到工具包(受信任): GCC 11.4.0 x86_64-linux-gnu
[kit] 已找到工具包(受信任): GCC 11.4.0 x86_64-linux-gnu
[kit] 已找到工具包(受信任): GCC 12.3.0 x86_64-linux-gnu
[kit] 已找到工具包(受信任): GCC 11.4.0 x86_64-linux-gnu
[kit] 已找到工具包(受信任): GCC 11.4.0 x86_64-linux-gnu
[kit] 已找到工具包(受信任): GCC 12.3.0 x86_64-linux-gnu
