2024-05-12 01:44:07.290 [info] Added views:workbench.panel.markers.view in workbench.panel.markers
2024-05-12 01:44:07.290 [info] Added views:workbench.panel.output in workbench.panel.output
2024-05-12 01:44:07.290 [info] Added views:terminal in terminal
2024-05-12 01:44:07.290 [info] Added views:outline in workbench.view.explorer
2024-05-12 01:44:07.290 [info] Added views:workbench.scm in workbench.view.scm
2024-05-12 01:44:07.290 [info] Added views:workbench.view.search in workbench.view.search
2024-05-12 01:44:07.290 [info] Added views:timeline in workbench.view.explorer
2024-05-12 01:44:07.290 [info] Added views:workbench.explorer.emptyView in workbench.view.explorer
2024-05-12 01:44:07.343 [info] Added views:workbench.debug.variablesView,workbench.debug.watchExpressionsView,workbench.debug.callStackView,workbench.debug.breakPointsView in workbench.view.debug
2024-05-12 01:44:07.538 [info] Added views:~remote.forwardedPorts in ~remote.forwardedPortsContainer
2024-05-12 01:44:07.622 [info] Added views:workbench.panel.repl.view in workbench.panel.repl
2024-05-12 01:44:07.623 [info] Removed views:workbench.debug.breakPointsView,workbench.debug.callStackView,workbench.debug.watchExpressionsView,workbench.debug.variablesView from workbench.view.debug
2024-05-12 01:44:07.623 [info] Added views:workbench.debug.welcome in workbench.view.debug
2024-05-12 04:31:43.506 [info] Added views:workbench.panel.markers.view in workbench.panel.markers
2024-05-12 04:31:43.506 [info] Added views:workbench.panel.output in workbench.panel.output
2024-05-12 04:31:43.506 [info] Added views:terminal in terminal
2024-05-12 04:31:43.506 [info] Added views:outline in workbench.view.explorer
2024-05-12 04:31:43.506 [info] Added views:workbench.scm in workbench.view.scm
2024-05-12 04:31:43.506 [info] Added views:workbench.view.search in workbench.view.search
2024-05-12 04:31:43.506 [info] Added views:timeline in workbench.view.explorer
2024-05-12 04:31:43.506 [info] Added views:workbench.explorer.fileView in workbench.view.explorer
2024-05-12 04:31:43.718 [info] Added views:workbench.debug.variablesView,workbench.debug.watchExpressionsView,workbench.debug.callStackView,workbench.debug.breakPointsView in workbench.view.debug
2024-05-12 04:31:43.728 [info] Added views:workbench.panel.repl.view in workbench.panel.repl
2024-05-12 04:31:43.729 [info] Removed views:workbench.debug.breakPointsView,workbench.debug.callStackView,workbench.debug.watchExpressionsView,workbench.debug.variablesView from workbench.view.debug
2024-05-12 04:31:43.729 [info] Added views:workbench.debug.welcome in workbench.view.debug
2024-05-12 04:31:43.769 [info] Added views:~remote.forwardedPorts in ~remote.forwardedPortsContainer
2024-05-12 04:32:09.739 [info] Added views:workbench.views.extensions.installed,workbench.views.extensions.popular,extensions.recommendedList in workbench.view.extensions
2024-05-12 04:32:09.740 [info] Removed views:workbench.views.extensions.popular from workbench.view.extensions
2024-05-12 04:32:10.285 [info] Removed views:extensions.recommendedList,workbench.views.extensions.installed from workbench.view.extensions
2024-05-12 04:32:10.287 [info] Added views:workbench.views.extensions.marketplace in workbench.view.extensions
2024-05-12 04:32:15.060 [info] Added views:cmake.projectStatus,cmake.outline,cmake.pinnedCommands in workbench.view.extension.cmake-view
